2024-02-16 00:02:51,099 [INFO] Gpio:277 - dependency for GPIO []
2024-02-16 00:02:55,481 [INFO] Gpio:277 - dependency for GPIO []
2024-02-16 00:02:55,492 [INFO] NvicIntPanel:101 - NVIC parent = com.st.microxplorer.plugins.ip.nvic.MultiNvicIntPanel[,0,0,0x0,invalid,layout=javax.swing.BoxLayout,alignmentX=0.0,alignmentY=0.0,border=,flags=9,maximumSize=,minimumSize=,preferredSize=]
2024-02-16 00:03:10,441 [INFO] Gpio:277 - dependency for GPIO []
2024-02-16 00:03:12,300 [INFO] NvicIntPanel:101 - NVIC parent = com.st.microxplorer.plugins.ip.nvic.MultiNvicIntPanel[,2,27,489x503,layout=javax.swing.BoxLayout,alignmentX=0.0,alignmentY=0.0,border=,flags=9,maximumSize=,minimumSize=,preferredSize=]
2024-02-16 00:03:13,567 [INFO] Gpio:277 - dependency for GPIO []
2024-02-16 00:03:14,903 [INFO] UtilMem:75 - End SaveConfig() Used Memory: 638293216 Bytes (884998144)
2024-02-16 00:03:14,946 [INFO] UtilMem:75 - End SaveConfig() Used Memory: 648551424 Bytes (884998144)
2024-02-16 00:03:15,049 [INFO] UtilMem:75 - End SaveConfig() Used Memory: 663239632 Bytes (884998144)
2024-02-16 00:03:15,160 [INFO] BlockDiagram:2759 - set Specific Code input for plugin: NVIC
2024-02-16 00:03:15,160 [INFO] BlockDiagram:2759 - set Specific Code input for plugin: SYS
2024-02-16 00:03:15,160 [INFO] BlockDiagram:2759 - set Specific Code input for plugin: GPIO
2024-02-16 00:03:15,160 [INFO] BlockDiagram:2759 - set Specific Code input for plugin: RCC
2024-02-16 00:03:15,160 [INFO] BlockDiagram:2759 - set Specific Code input for plugin: TIM1_8F1
2024-02-16 00:03:15,161 [INFO] CodeGenerator:807 - code generatio: config db path: D:\Education\Soft\STM32CubeIDE_1.14.1\STM32CubeIDE\plugins\com.st.stm32cube.common.mx_6.10.0.202311202037\\db\
2024-02-16 00:03:15,301 [INFO] CodeEngine:255 - oldGeneratedFile, D:\Education\MTIoT\MTIoT\Lab1\Lab1CubeIDE\MXTmpFiles\license.tmp_save
2024-02-16 00:03:15,370 [INFO] CodeEngine:279 - Generated code: D:\Education\MTIoT\MTIoT\Lab1\Lab1CubeIDE\MXTmpFiles\license.tmp
2024-02-16 00:03:15,379 [INFO] CodeEngine:255 - oldGeneratedFile, D:\Education\MTIoT\MTIoT\Lab1\Lab1CubeIDE\MXTmpFiles\gpio.tmp_save
2024-02-16 00:03:15,455 [INFO] CodeEngine:279 - Generated code: D:\Education\MTIoT\MTIoT\Lab1\Lab1CubeIDE\MXTmpFiles\gpio.tmp
2024-02-16 00:03:15,483 [INFO] CodeEngine:255 - oldGeneratedFile, D:\Education\MTIoT\MTIoT\Lab1\Lab1CubeIDE\Core\Src\stm32f1xx_it.c_save
2024-02-16 00:03:15,596 [INFO] CodeEngine:279 - Generated code: D:\Education\MTIoT\MTIoT\Lab1\Lab1CubeIDE\Core\Src\stm32f1xx_it.c
2024-02-16 00:03:15,598 [INFO] CodeEngine:255 - oldGeneratedFile, D:\Education\MTIoT\MTIoT\Lab1\Lab1CubeIDE\Core\Inc\stm32f1xx_it.h_save
2024-02-16 00:03:15,648 [INFO] CodeEngine:279 - Generated code: D:\Education\MTIoT\MTIoT\Lab1\Lab1CubeIDE\Core\Inc\stm32f1xx_it.h
2024-02-16 00:03:15,661 [INFO] CodeEngine:255 - oldGeneratedFile, D:\Education\MTIoT\MTIoT\Lab1\Lab1CubeIDE\Core\Src\stm32f1xx_hal_msp.c_save
2024-02-16 00:03:15,729 [INFO] CodeEngine:279 - Generated code: D:\Education\MTIoT\MTIoT\Lab1\Lab1CubeIDE\Core\Src\stm32f1xx_hal_msp.c
2024-02-16 00:03:15,730 [INFO] CodeEngine:255 - oldGeneratedFile, D:\Education\MTIoT\MTIoT\Lab1\Lab1CubeIDE\MXTmpFiles\system.tmp_save
2024-02-16 00:03:15,777 [INFO] CodeEngine:279 - Generated code: D:\Education\MTIoT\MTIoT\Lab1\Lab1CubeIDE\MXTmpFiles\system.tmp
2024-02-16 00:03:15,791 [INFO] CodeEngine:311 - oldGeneratedFile, D:\Education\MTIoT\MTIoT\Lab1\Lab1CubeIDE\Core\Inc\stm32f1xx_hal_conf.h_save
2024-02-16 00:03:15,862 [INFO] CodeEngine:335 - Generated code: D:\Education\MTIoT\MTIoT\Lab1\Lab1CubeIDE\Core\Inc\stm32f1xx_hal_conf.h
2024-02-16 00:03:15,873 [WARN] IPConfigManager:3440 - IP not found : TIM
2024-02-16 00:03:15,874 [WARN] CodeGenerator:3939 - IP not found : null
2024-02-16 00:03:15,883 [INFO] CodeEngine:255 - oldGeneratedFile, D:\Education\MTIoT\MTIoT\Lab1\Lab1CubeIDE\Core\Inc\main.h_save
2024-02-16 00:03:15,962 [INFO] CodeEngine:279 - Generated code: D:\Education\MTIoT\MTIoT\Lab1\Lab1CubeIDE\Core\Inc\main.h
2024-02-16 00:03:15,972 [INFO] CodeEngine:255 - oldGeneratedFile, D:\Education\MTIoT\MTIoT\Lab1\Lab1CubeIDE\Core\Src\main.c_save
2024-02-16 00:03:16,062 [INFO] CodeEngine:279 - Generated code: D:\Education\MTIoT\MTIoT\Lab1\Lab1CubeIDE\Core\Src\main.c
2024-02-16 00:03:16,349 [INFO] ProjectBuilder:3076 - Time for Copy HAL[1] : 61mS.
2024-02-16 00:03:16,351 [INFO] ProjectBuilder:4485 - Project Generator version: 4.2.0-B44
2024-02-16 00:03:16,465 [INFO] ConfigFileManager:1495 - The Die is : DIE412
2024-02-16 00:03:17,320 [INFO] ProjectBuilder:4747 - Time for Generating toolchain IDE Files: 969mS.
2024-02-16 00:03:17,321 [INFO] ProjectBuilder:2947 - Time for Copy CMSIS : 1mS.
2024-02-16 00:03:17,321 [INFO] ProjectBuilder:2947 - Time for Copy CMSIS : 0mS.
2024-02-16 00:04:10,384 [INFO] Gpio:277 - dependency for GPIO []
2024-02-16 00:04:16,474 [INFO] UtilMem:75 - End SaveConfig() Used Memory: 446465576 Bytes (853540864)
2024-02-16 00:04:16,533 [INFO] UtilMem:75 - End SaveConfig() Used Memory: 480116368 Bytes (853540864)
2024-02-16 00:04:16,664 [INFO] UtilMem:75 - End SaveConfig() Used Memory: 597986856 Bytes (853540864)
2024-02-16 00:04:16,795 [INFO] BlockDiagram:2759 - set Specific Code input for plugin: NVIC
2024-02-16 00:04:16,795 [INFO] BlockDiagram:2759 - set Specific Code input for plugin: SYS
2024-02-16 00:04:16,795 [INFO] BlockDiagram:2759 - set Specific Code input for plugin: GPIO
2024-02-16 00:04:16,795 [INFO] BlockDiagram:2759 - set Specific Code input for plugin: RCC
2024-02-16 00:04:16,795 [INFO] BlockDiagram:2759 - set Specific Code input for plugin: TIM1_8F1
2024-02-16 00:04:16,795 [INFO] CodeGenerator:807 - code generatio: config db path: D:\Education\Soft\STM32CubeIDE_1.14.1\STM32CubeIDE\plugins\com.st.stm32cube.common.mx_6.10.0.202311202037\\db\
2024-02-16 00:04:16,879 [INFO] CodeEngine:255 - oldGeneratedFile, D:\Education\MTIoT\MTIoT\Lab1\Lab1CubeIDE\MXTmpFiles\license.tmp_save
2024-02-16 00:04:16,938 [INFO] CodeEngine:279 - Generated code: D:\Education\MTIoT\MTIoT\Lab1\Lab1CubeIDE\MXTmpFiles\license.tmp
2024-02-16 00:04:16,946 [INFO] CodeEngine:255 - oldGeneratedFile, D:\Education\MTIoT\MTIoT\Lab1\Lab1CubeIDE\MXTmpFiles\gpio.tmp_save
2024-02-16 00:04:17,004 [INFO] CodeEngine:279 - Generated code: D:\Education\MTIoT\MTIoT\Lab1\Lab1CubeIDE\MXTmpFiles\gpio.tmp
2024-02-16 00:04:17,030 [INFO] CodeEngine:255 - oldGeneratedFile, D:\Education\MTIoT\MTIoT\Lab1\Lab1CubeIDE\Core\Src\stm32f1xx_it.c_save
2024-02-16 00:04:17,108 [INFO] CodeEngine:279 - Generated code: D:\Education\MTIoT\MTIoT\Lab1\Lab1CubeIDE\Core\Src\stm32f1xx_it.c
2024-02-16 00:04:17,111 [INFO] CodeEngine:255 - oldGeneratedFile, D:\Education\MTIoT\MTIoT\Lab1\Lab1CubeIDE\Core\Inc\stm32f1xx_it.h_save
2024-02-16 00:04:17,154 [INFO] CodeEngine:279 - Generated code: D:\Education\MTIoT\MTIoT\Lab1\Lab1CubeIDE\Core\Inc\stm32f1xx_it.h
2024-02-16 00:04:17,165 [INFO] CodeEngine:255 - oldGeneratedFile, D:\Education\MTIoT\MTIoT\Lab1\Lab1CubeIDE\Core\Src\stm32f1xx_hal_msp.c_save
2024-02-16 00:04:17,231 [INFO] CodeEngine:279 - Generated code: D:\Education\MTIoT\MTIoT\Lab1\Lab1CubeIDE\Core\Src\stm32f1xx_hal_msp.c
2024-02-16 00:04:17,233 [INFO] CodeEngine:255 - oldGeneratedFile, D:\Education\MTIoT\MTIoT\Lab1\Lab1CubeIDE\MXTmpFiles\system.tmp_save
2024-02-16 00:04:17,273 [INFO] CodeEngine:279 - Generated code: D:\Education\MTIoT\MTIoT\Lab1\Lab1CubeIDE\MXTmpFiles\system.tmp
2024-02-16 00:04:17,285 [INFO] CodeEngine:311 - oldGeneratedFile, D:\Education\MTIoT\MTIoT\Lab1\Lab1CubeIDE\Core\Inc\stm32f1xx_hal_conf.h_save
2024-02-16 00:04:17,353 [INFO] CodeEngine:335 - Generated code: D:\Education\MTIoT\MTIoT\Lab1\Lab1CubeIDE\Core\Inc\stm32f1xx_hal_conf.h
2024-02-16 00:04:17,364 [WARN] IPConfigManager:3440 - IP not found : TIM
2024-02-16 00:04:17,364 [WARN] CodeGenerator:3939 - IP not found : null
2024-02-16 00:04:17,373 [INFO] CodeEngine:255 - oldGeneratedFile, D:\Education\MTIoT\MTIoT\Lab1\Lab1CubeIDE\Core\Inc\main.h_save
2024-02-16 00:04:17,426 [INFO] CodeEngine:279 - Generated code: D:\Education\MTIoT\MTIoT\Lab1\Lab1CubeIDE\Core\Inc\main.h
2024-02-16 00:04:17,435 [INFO] CodeEngine:255 - oldGeneratedFile, D:\Education\MTIoT\MTIoT\Lab1\Lab1CubeIDE\Core\Src\main.c_save
2024-02-16 00:04:17,508 [INFO] CodeEngine:279 - Generated code: D:\Education\MTIoT\MTIoT\Lab1\Lab1CubeIDE\Core\Src\main.c
2024-02-16 00:04:17,759 [INFO] ProjectBuilder:3076 - Time for Copy HAL[1] : 60mS.
2024-02-16 00:04:17,761 [INFO] ProjectBuilder:4485 - Project Generator version: 4.2.0-B44
2024-02-16 00:04:17,872 [INFO] ConfigFileManager:1495 - The Die is : DIE412
2024-02-16 00:04:18,727 [INFO] ProjectBuilder:4747 - Time for Generating toolchain IDE Files: 965mS.
2024-02-16 00:04:18,727 [INFO] ProjectBuilder:2947 - Time for Copy CMSIS : 0mS.
2024-02-16 00:04:18,729 [INFO] ProjectBuilder:2947 - Time for Copy CMSIS : 0mS.
2024-02-16 00:04:57,817 [INFO] UtilMem:75 - End SaveConfig() Used Memory: 414073144 Bytes (859832320)
2024-02-16 00:04:57,864 [INFO] UtilMem:75 - End SaveConfig() Used Memory: 425305640 Bytes (859832320)
2024-02-16 00:04:57,974 [INFO] UtilMem:75 - End SaveConfig() Used Memory: 441249416 Bytes (859832320)
2024-02-16 00:04:58,111 [INFO] BlockDiagram:2759 - set Specific Code input for plugin: NVIC
2024-02-16 00:04:58,111 [INFO] BlockDiagram:2759 - set Specific Code input for plugin: SYS
2024-02-16 00:04:58,112 [INFO] BlockDiagram:2759 - set Specific Code input for plugin: GPIO
2024-02-16 00:04:58,112 [INFO] BlockDiagram:2759 - set Specific Code input for plugin: RCC
2024-02-16 00:04:58,112 [INFO] BlockDiagram:2759 - set Specific Code input for plugin: TIM1_8F1
2024-02-16 00:04:58,112 [INFO] CodeGenerator:807 - code generatio: config db path: D:\Education\Soft\STM32CubeIDE_1.14.1\STM32CubeIDE\plugins\com.st.stm32cube.common.mx_6.10.0.202311202037\\db\
2024-02-16 00:04:58,206 [INFO] CodeEngine:255 - oldGeneratedFile, D:\Education\MTIoT\MTIoT\Lab1\Lab1CubeIDE\MXTmpFiles\license.tmp_save
2024-02-16 00:04:58,263 [INFO] CodeEngine:279 - Generated code: D:\Education\MTIoT\MTIoT\Lab1\Lab1CubeIDE\MXTmpFiles\license.tmp
2024-02-16 00:04:58,269 [INFO] CodeEngine:255 - oldGeneratedFile, D:\Education\MTIoT\MTIoT\Lab1\Lab1CubeIDE\MXTmpFiles\gpio.tmp_save
2024-02-16 00:04:58,341 [INFO] CodeEngine:279 - Generated code: D:\Education\MTIoT\MTIoT\Lab1\Lab1CubeIDE\MXTmpFiles\gpio.tmp
2024-02-16 00:04:58,366 [INFO] CodeEngine:255 - oldGeneratedFile, D:\Education\MTIoT\MTIoT\Lab1\Lab1CubeIDE\Core\Src\stm32f1xx_it.c_save
2024-02-16 00:04:58,425 [INFO] CodeEngine:279 - Generated code: D:\Education\MTIoT\MTIoT\Lab1\Lab1CubeIDE\Core\Src\stm32f1xx_it.c
2024-02-16 00:04:58,428 [INFO] CodeEngine:255 - oldGeneratedFile, D:\Education\MTIoT\MTIoT\Lab1\Lab1CubeIDE\Core\Inc\stm32f1xx_it.h_save
2024-02-16 00:04:58,471 [INFO] CodeEngine:279 - Generated code: D:\Education\MTIoT\MTIoT\Lab1\Lab1CubeIDE\Core\Inc\stm32f1xx_it.h
2024-02-16 00:04:58,483 [INFO] CodeEngine:255 - oldGeneratedFile, D:\Education\MTIoT\MTIoT\Lab1\Lab1CubeIDE\Core\Src\stm32f1xx_hal_msp.c_save
2024-02-16 00:04:58,545 [INFO] CodeEngine:279 - Generated code: D:\Education\MTIoT\MTIoT\Lab1\Lab1CubeIDE\Core\Src\stm32f1xx_hal_msp.c
2024-02-16 00:04:58,547 [INFO] CodeEngine:255 - oldGeneratedFile, D:\Education\MTIoT\MTIoT\Lab1\Lab1CubeIDE\MXTmpFiles\system.tmp_save
2024-02-16 00:04:58,589 [INFO] CodeEngine:279 - Generated code: D:\Education\MTIoT\MTIoT\Lab1\Lab1CubeIDE\MXTmpFiles\system.tmp
2024-02-16 00:04:58,601 [INFO] CodeEngine:311 - oldGeneratedFile, D:\Education\MTIoT\MTIoT\Lab1\Lab1CubeIDE\Core\Inc\stm32f1xx_hal_conf.h_save
2024-02-16 00:04:58,669 [INFO] CodeEngine:335 - Generated code: D:\Education\MTIoT\MTIoT\Lab1\Lab1CubeIDE\Core\Inc\stm32f1xx_hal_conf.h
2024-02-16 00:04:58,680 [WARN] IPConfigManager:3440 - IP not found : TIM
2024-02-16 00:04:58,680 [WARN] CodeGenerator:3939 - IP not found : null
2024-02-16 00:04:58,690 [INFO] CodeEngine:255 - oldGeneratedFile, D:\Education\MTIoT\MTIoT\Lab1\Lab1CubeIDE\Core\Inc\main.h_save
2024-02-16 00:04:58,742 [INFO] CodeEngine:279 - Generated code: D:\Education\MTIoT\MTIoT\Lab1\Lab1CubeIDE\Core\Inc\main.h
2024-02-16 00:04:58,751 [INFO] CodeEngine:255 - oldGeneratedFile, D:\Education\MTIoT\MTIoT\Lab1\Lab1CubeIDE\Core\Src\main.c_save
2024-02-16 00:04:58,825 [INFO] CodeEngine:279 - Generated code: D:\Education\MTIoT\MTIoT\Lab1\Lab1CubeIDE\Core\Src\main.c
2024-02-16 00:04:59,075 [INFO] ProjectBuilder:3076 - Time for Copy HAL[1] : 60mS.
2024-02-16 00:04:59,077 [INFO] ProjectBuilder:4485 - Project Generator version: 4.2.0-B44
2024-02-16 00:04:59,190 [INFO] ConfigFileManager:1495 - The Die is : DIE412
2024-02-16 00:04:59,983 [INFO] ProjectBuilder:4747 - Time for Generating toolchain IDE Files: 906mS.
2024-02-16 00:04:59,984 [INFO] ProjectBuilder:2947 - Time for Copy CMSIS : 1mS.
2024-02-16 00:04:59,985 [INFO] ProjectBuilder:2947 - Time for Copy CMSIS : 0mS.
2024-02-16 00:09:55,536 [INFO] NvicIntPanel:101 - NVIC parent = com.st.microxplorer.plugins.ip.nvic.MultiNvicIntPanel[,0,0,0x0,invalid,layout=javax.swing.BoxLayout,alignmentX=0.0,alignmentY=0.0,border=,flags=9,maximumSize=,minimumSize=,preferredSize=]
2024-02-16 00:09:57,720 [INFO] NvicIntPanel:101 - NVIC parent = com.st.microxplorer.plugins.ip.nvic.MultiNvicIntPanel[,0,0,0x0,invalid,layout=javax.swing.BoxLayout,alignmentX=0.0,alignmentY=0.0,border=,flags=9,maximumSize=,minimumSize=,preferredSize=]
2024-02-16 00:10:30,832 [INFO] UtilMem:75 - End SaveConfig() Used Memory: 313637240 Bytes (982515712)
2024-02-16 00:10:30,874 [INFO] UtilMem:75 - End SaveConfig() Used Memory: 323437384 Bytes (982515712)
2024-02-16 00:10:30,986 [INFO] UtilMem:75 - End SaveConfig() Used Memory: 262619544 Bytes (982515712)
2024-02-16 00:10:31,163 [INFO] BlockDiagram:2759 - set Specific Code input for plugin: NVIC
2024-02-16 00:10:31,163 [INFO] BlockDiagram:2759 - set Specific Code input for plugin: SYS
2024-02-16 00:10:31,163 [INFO] BlockDiagram:2759 - set Specific Code input for plugin: GPIO
2024-02-16 00:10:31,163 [INFO] BlockDiagram:2759 - set Specific Code input for plugin: RCC
2024-02-16 00:10:31,163 [INFO] BlockDiagram:2759 - set Specific Code input for plugin: TIM1_8F1
2024-02-16 00:10:31,163 [INFO] BlockDiagram:2759 - set Specific Code input for plugin: TIM1_8F1
2024-02-16 00:10:31,165 [INFO] CodeGenerator:807 - code generatio: config db path: D:\Education\Soft\STM32CubeIDE_1.14.1\STM32CubeIDE\plugins\com.st.stm32cube.common.mx_6.10.0.202311202037\\db\
2024-02-16 00:10:31,239 [INFO] CodeEngine:255 - oldGeneratedFile, D:\Education\MTIoT\MTIoT\Lab1\Lab1CubeIDE\MXTmpFiles\license.tmp_save
2024-02-16 00:10:31,316 [INFO] CodeEngine:279 - Generated code: D:\Education\MTIoT\MTIoT\Lab1\Lab1CubeIDE\MXTmpFiles\license.tmp
2024-02-16 00:10:31,326 [INFO] CodeEngine:255 - oldGeneratedFile, D:\Education\MTIoT\MTIoT\Lab1\Lab1CubeIDE\MXTmpFiles\gpio.tmp_save
2024-02-16 00:10:31,387 [INFO] CodeEngine:279 - Generated code: D:\Education\MTIoT\MTIoT\Lab1\Lab1CubeIDE\MXTmpFiles\gpio.tmp
2024-02-16 00:10:31,423 [INFO] CodeEngine:255 - oldGeneratedFile, D:\Education\MTIoT\MTIoT\Lab1\Lab1CubeIDE\Core\Src\stm32f1xx_it.c_save
2024-02-16 00:10:31,491 [INFO] CodeEngine:279 - Generated code: D:\Education\MTIoT\MTIoT\Lab1\Lab1CubeIDE\Core\Src\stm32f1xx_it.c
2024-02-16 00:10:31,493 [INFO] CodeEngine:255 - oldGeneratedFile, D:\Education\MTIoT\MTIoT\Lab1\Lab1CubeIDE\Core\Inc\stm32f1xx_it.h_save
2024-02-16 00:10:31,536 [INFO] CodeEngine:279 - Generated code: D:\Education\MTIoT\MTIoT\Lab1\Lab1CubeIDE\Core\Inc\stm32f1xx_it.h
2024-02-16 00:10:31,547 [INFO] CodeEngine:255 - oldGeneratedFile, D:\Education\MTIoT\MTIoT\Lab1\Lab1CubeIDE\Core\Src\stm32f1xx_hal_msp.c_save
2024-02-16 00:10:31,630 [INFO] CodeEngine:279 - Generated code: D:\Education\MTIoT\MTIoT\Lab1\Lab1CubeIDE\Core\Src\stm32f1xx_hal_msp.c
2024-02-16 00:10:31,632 [INFO] CodeEngine:255 - oldGeneratedFile, D:\Education\MTIoT\MTIoT\Lab1\Lab1CubeIDE\MXTmpFiles\system.tmp_save
2024-02-16 00:10:31,674 [INFO] CodeEngine:279 - Generated code: D:\Education\MTIoT\MTIoT\Lab1\Lab1CubeIDE\MXTmpFiles\system.tmp
2024-02-16 00:10:31,686 [INFO] CodeEngine:311 - oldGeneratedFile, D:\Education\MTIoT\MTIoT\Lab1\Lab1CubeIDE\Core\Inc\stm32f1xx_hal_conf.h_save
2024-02-16 00:10:31,757 [INFO] CodeEngine:335 - Generated code: D:\Education\MTIoT\MTIoT\Lab1\Lab1CubeIDE\Core\Inc\stm32f1xx_hal_conf.h
2024-02-16 00:10:31,769 [WARN] IPConfigManager:3440 - IP not found : TIM
2024-02-16 00:10:31,769 [WARN] CodeGenerator:3939 - IP not found : null
2024-02-16 00:10:31,780 [INFO] CodeEngine:255 - oldGeneratedFile, D:\Education\MTIoT\MTIoT\Lab1\Lab1CubeIDE\Core\Inc\main.h_save
2024-02-16 00:10:31,851 [INFO] CodeEngine:279 - Generated code: D:\Education\MTIoT\MTIoT\Lab1\Lab1CubeIDE\Core\Inc\main.h
2024-02-16 00:10:31,861 [INFO] CodeEngine:255 - oldGeneratedFile, D:\Education\MTIoT\MTIoT\Lab1\Lab1CubeIDE\Core\Src\main.c_save
2024-02-16 00:10:31,943 [INFO] CodeEngine:279 - Generated code: D:\Education\MTIoT\MTIoT\Lab1\Lab1CubeIDE\Core\Src\main.c
2024-02-16 00:10:32,198 [INFO] ProjectBuilder:3076 - Time for Copy HAL[1] : 62mS.
2024-02-16 00:10:32,199 [INFO] ProjectBuilder:4485 - Project Generator version: 4.2.0-B44
2024-02-16 00:10:32,438 [INFO] ConfigFileManager:1495 - The Die is : DIE412
2024-02-16 00:10:33,123 [INFO] ProjectBuilder:4747 - Time for Generating toolchain IDE Files: 924mS.
2024-02-16 00:10:33,123 [INFO] ProjectBuilder:2947 - Time for Copy CMSIS : 0mS.
2024-02-16 00:10:33,124 [INFO] ProjectBuilder:2947 - Time for Copy CMSIS : 0mS.
2024-02-16 00:13:11,520 [INFO] NvicIntPanel:101 - NVIC parent = com.st.microxplorer.plugins.ip.nvic.MultiNvicIntPanel[,0,0,0x0,invalid,layout=javax.swing.BoxLayout,alignmentX=0.0,alignmentY=0.0,border=,flags=9,maximumSize=,minimumSize=,preferredSize=]
2024-02-16 00:13:11,824 [INFO] UtilMem:75 - End SaveConfig() Used Memory: 285690048 Bytes (912261120)
2024-02-16 00:13:11,861 [INFO] UtilMem:75 - End SaveConfig() Used Memory: 257442104 Bytes (912261120)
2024-02-16 00:13:11,952 [INFO] UtilMem:75 - End SaveConfig() Used Memory: 296958280 Bytes (912261120)
2024-02-16 00:13:12,081 [INFO] BlockDiagram:2759 - set Specific Code input for plugin: NVIC
2024-02-16 00:13:12,081 [INFO] BlockDiagram:2759 - set Specific Code input for plugin: SYS
2024-02-16 00:13:12,082 [INFO] BlockDiagram:2759 - set Specific Code input for plugin: GPIO
2024-02-16 00:13:12,082 [INFO] BlockDiagram:2759 - set Specific Code input for plugin: RCC
2024-02-16 00:13:12,082 [INFO] BlockDiagram:2759 - set Specific Code input for plugin: TIM1_8F1
2024-02-16 00:13:12,082 [INFO] BlockDiagram:2759 - set Specific Code input for plugin: TIM1_8F1
2024-02-16 00:13:12,082 [INFO] CodeGenerator:807 - code generatio: config db path: D:\Education\Soft\STM32CubeIDE_1.14.1\STM32CubeIDE\plugins\com.st.stm32cube.common.mx_6.10.0.202311202037\\db\
2024-02-16 00:13:12,167 [INFO] CodeEngine:255 - oldGeneratedFile, D:\Education\MTIoT\MTIoT\Lab1\Lab1CubeIDE\MXTmpFiles\license.tmp_save
2024-02-16 00:13:12,227 [INFO] CodeEngine:279 - Generated code: D:\Education\MTIoT\MTIoT\Lab1\Lab1CubeIDE\MXTmpFiles\license.tmp
2024-02-16 00:13:12,233 [INFO] CodeEngine:255 - oldGeneratedFile, D:\Education\MTIoT\MTIoT\Lab1\Lab1CubeIDE\MXTmpFiles\gpio.tmp_save
2024-02-16 00:13:12,293 [INFO] CodeEngine:279 - Generated code: D:\Education\MTIoT\MTIoT\Lab1\Lab1CubeIDE\MXTmpFiles\gpio.tmp
2024-02-16 00:13:12,328 [INFO] CodeEngine:255 - oldGeneratedFile, D:\Education\MTIoT\MTIoT\Lab1\Lab1CubeIDE\Core\Src\stm32f1xx_it.c_save
2024-02-16 00:13:12,389 [INFO] CodeEngine:279 - Generated code: D:\Education\MTIoT\MTIoT\Lab1\Lab1CubeIDE\Core\Src\stm32f1xx_it.c
2024-02-16 00:13:12,392 [INFO] CodeEngine:255 - oldGeneratedFile, D:\Education\MTIoT\MTIoT\Lab1\Lab1CubeIDE\Core\Inc\stm32f1xx_it.h_save
2024-02-16 00:13:12,437 [INFO] CodeEngine:279 - Generated code: D:\Education\MTIoT\MTIoT\Lab1\Lab1CubeIDE\Core\Inc\stm32f1xx_it.h
2024-02-16 00:13:12,448 [INFO] CodeEngine:255 - oldGeneratedFile, D:\Education\MTIoT\MTIoT\Lab1\Lab1CubeIDE\Core\Src\stm32f1xx_hal_msp.c_save
2024-02-16 00:13:12,532 [INFO] CodeEngine:279 - Generated code: D:\Education\MTIoT\MTIoT\Lab1\Lab1CubeIDE\Core\Src\stm32f1xx_hal_msp.c
2024-02-16 00:13:12,533 [INFO] CodeEngine:255 - oldGeneratedFile, D:\Education\MTIoT\MTIoT\Lab1\Lab1CubeIDE\MXTmpFiles\system.tmp_save
2024-02-16 00:13:12,575 [INFO] CodeEngine:279 - Generated code: D:\Education\MTIoT\MTIoT\Lab1\Lab1CubeIDE\MXTmpFiles\system.tmp
2024-02-16 00:13:12,586 [INFO] CodeEngine:311 - oldGeneratedFile, D:\Education\MTIoT\MTIoT\Lab1\Lab1CubeIDE\Core\Inc\stm32f1xx_hal_conf.h_save
2024-02-16 00:13:12,653 [INFO] CodeEngine:335 - Generated code: D:\Education\MTIoT\MTIoT\Lab1\Lab1CubeIDE\Core\Inc\stm32f1xx_hal_conf.h
2024-02-16 00:13:12,665 [WARN] IPConfigManager:3440 - IP not found : TIM
2024-02-16 00:13:12,665 [WARN] CodeGenerator:3939 - IP not found : null
2024-02-16 00:13:12,675 [INFO] CodeEngine:255 - oldGeneratedFile, D:\Education\MTIoT\MTIoT\Lab1\Lab1CubeIDE\Core\Inc\main.h_save
2024-02-16 00:13:12,734 [INFO] CodeEngine:279 - Generated code: D:\Education\MTIoT\MTIoT\Lab1\Lab1CubeIDE\Core\Inc\main.h
2024-02-16 00:13:12,744 [INFO] CodeEngine:255 - oldGeneratedFile, D:\Education\MTIoT\MTIoT\Lab1\Lab1CubeIDE\Core\Src\main.c_save
2024-02-16 00:13:12,824 [INFO] CodeEngine:279 - Generated code: D:\Education\MTIoT\MTIoT\Lab1\Lab1CubeIDE\Core\Src\main.c
2024-02-16 00:13:13,088 [INFO] ProjectBuilder:3076 - Time for Copy HAL[1] : 70mS.
2024-02-16 00:13:13,090 [INFO] ProjectBuilder:4485 - Project Generator version: 4.2.0-B44
2024-02-16 00:13:13,343 [INFO] ConfigFileManager:1495 - The Die is : DIE412
2024-02-16 00:13:14,184 [INFO] ProjectBuilder:4747 - Time for Generating toolchain IDE Files: 1094mS.
2024-02-16 00:13:14,184 [INFO] ProjectBuilder:2947 - Time for Copy CMSIS : 0mS.
2024-02-16 00:13:14,187 [INFO] ProjectBuilder:2947 - Time for Copy CMSIS : 0mS.
2024-02-16 00:17:41,684 [INFO] NvicIntPanel:101 - NVIC parent = com.st.microxplorer.plugins.ip.nvic.MultiNvicIntPanel[,0,0,0x0,invalid,layout=javax.swing.BoxLayout,alignmentX=0.0,alignmentY=0.0,border=,flags=9,maximumSize=,minimumSize=,preferredSize=]
2024-02-16 00:17:42,236 [INFO] UtilMem:75 - End SaveConfig() Used Memory: 614802744 Bytes (884998144)
2024-02-16 00:17:42,279 [INFO] UtilMem:75 - End SaveConfig() Used Memory: 625687864 Bytes (884998144)
2024-02-16 00:17:42,403 [INFO] UtilMem:75 - End SaveConfig() Used Memory: 253304648 Bytes (884998144)
2024-02-16 00:17:42,551 [INFO] BlockDiagram:2759 - set Specific Code input for plugin: NVIC
2024-02-16 00:17:42,552 [INFO] BlockDiagram:2759 - set Specific Code input for plugin: SYS
2024-02-16 00:17:42,552 [INFO] BlockDiagram:2759 - set Specific Code input for plugin: GPIO
2024-02-16 00:17:42,552 [INFO] BlockDiagram:2759 - set Specific Code input for plugin: RCC
2024-02-16 00:17:42,552 [INFO] BlockDiagram:2759 - set Specific Code input for plugin: TIM1_8F1
2024-02-16 00:17:42,552 [INFO] BlockDiagram:2759 - set Specific Code input for plugin: TIM1_8F1
2024-02-16 00:17:42,553 [INFO] CodeGenerator:807 - code generatio: config db path: D:\Education\Soft\STM32CubeIDE_1.14.1\STM32CubeIDE\plugins\com.st.stm32cube.common.mx_6.10.0.202311202037\\db\
2024-02-16 00:17:42,643 [INFO] CodeEngine:255 - oldGeneratedFile, D:\Education\MTIoT\MTIoT\Lab1\Lab1CubeIDE\MXTmpFiles\license.tmp_save
2024-02-16 00:17:42,702 [INFO] CodeEngine:279 - Generated code: D:\Education\MTIoT\MTIoT\Lab1\Lab1CubeIDE\MXTmpFiles\license.tmp
2024-02-16 00:17:42,721 [INFO] CodeEngine:255 - oldGeneratedFile, D:\Education\MTIoT\MTIoT\Lab1\Lab1CubeIDE\MXTmpFiles\gpio.tmp_save
2024-02-16 00:17:42,773 [INFO] CodeEngine:279 - Generated code: D:\Education\MTIoT\MTIoT\Lab1\Lab1CubeIDE\MXTmpFiles\gpio.tmp
2024-02-16 00:17:42,807 [INFO] CodeEngine:255 - oldGeneratedFile, D:\Education\MTIoT\MTIoT\Lab1\Lab1CubeIDE\Core\Src\stm32f1xx_it.c_save
2024-02-16 00:17:42,868 [INFO] CodeEngine:279 - Generated code: D:\Education\MTIoT\MTIoT\Lab1\Lab1CubeIDE\Core\Src\stm32f1xx_it.c
2024-02-16 00:17:42,870 [INFO] CodeEngine:255 - oldGeneratedFile, D:\Education\MTIoT\MTIoT\Lab1\Lab1CubeIDE\Core\Inc\stm32f1xx_it.h_save
2024-02-16 00:17:42,912 [INFO] CodeEngine:279 - Generated code: D:\Education\MTIoT\MTIoT\Lab1\Lab1CubeIDE\Core\Inc\stm32f1xx_it.h
2024-02-16 00:17:42,922 [INFO] CodeEngine:255 - oldGeneratedFile, D:\Education\MTIoT\MTIoT\Lab1\Lab1CubeIDE\Core\Src\stm32f1xx_hal_msp.c_save
2024-02-16 00:17:42,987 [INFO] CodeEngine:279 - Generated code: D:\Education\MTIoT\MTIoT\Lab1\Lab1CubeIDE\Core\Src\stm32f1xx_hal_msp.c
2024-02-16 00:17:42,989 [INFO] CodeEngine:255 - oldGeneratedFile, D:\Education\MTIoT\MTIoT\Lab1\Lab1CubeIDE\MXTmpFiles\system.tmp_save
2024-02-16 00:17:43,027 [INFO] CodeEngine:279 - Generated code: D:\Education\MTIoT\MTIoT\Lab1\Lab1CubeIDE\MXTmpFiles\system.tmp
2024-02-16 00:17:43,039 [INFO] CodeEngine:311 - oldGeneratedFile, D:\Education\MTIoT\MTIoT\Lab1\Lab1CubeIDE\Core\Inc\stm32f1xx_hal_conf.h_save
2024-02-16 00:17:43,107 [INFO] CodeEngine:335 - Generated code: D:\Education\MTIoT\MTIoT\Lab1\Lab1CubeIDE\Core\Inc\stm32f1xx_hal_conf.h
2024-02-16 00:17:43,119 [WARN] IPConfigManager:3440 - IP not found : TIM
2024-02-16 00:17:43,119 [WARN] CodeGenerator:3939 - IP not found : null
2024-02-16 00:17:43,128 [INFO] CodeEngine:255 - oldGeneratedFile, D:\Education\MTIoT\MTIoT\Lab1\Lab1CubeIDE\Core\Inc\main.h_save
2024-02-16 00:17:43,185 [INFO] CodeEngine:279 - Generated code: D:\Education\MTIoT\MTIoT\Lab1\Lab1CubeIDE\Core\Inc\main.h
2024-02-16 00:17:43,195 [INFO] CodeEngine:255 - oldGeneratedFile, D:\Education\MTIoT\MTIoT\Lab1\Lab1CubeIDE\Core\Src\main.c_save
2024-02-16 00:17:43,275 [INFO] CodeEngine:279 - Generated code: D:\Education\MTIoT\MTIoT\Lab1\Lab1CubeIDE\Core\Src\main.c
2024-02-16 00:17:43,631 [INFO] ProjectBuilder:3076 - Time for Copy HAL[1] : 68mS.
2024-02-16 00:17:43,633 [INFO] ProjectBuilder:4485 - Project Generator version: 4.2.0-B44
2024-02-16 00:17:43,751 [INFO] ConfigFileManager:1495 - The Die is : DIE412
2024-02-16 00:17:44,612 [INFO] ProjectBuilder:4747 - Time for Generating toolchain IDE Files: 979mS.
2024-02-16 00:17:44,612 [INFO] ProjectBuilder:2947 - Time for Copy CMSIS : 0mS.
2024-02-16 00:17:44,613 [INFO] ProjectBuilder:2947 - Time for Copy CMSIS : 0mS.
2024-02-16 00:24:26,209 [INFO] NvicIntPanel:101 - NVIC parent = com.st.microxplorer.plugins.ip.nvic.MultiNvicIntPanel[,0,0,0x0,invalid,layout=javax.swing.BoxLayout,alignmentX=0.0,alignmentY=0.0,border=,flags=9,maximumSize=,minimumSize=,preferredSize=]
2024-02-16 00:24:26,823 [INFO] UtilMem:75 - End SaveConfig() Used Memory: 281822688 Bytes (849346560)
2024-02-16 00:24:26,873 [INFO] UtilMem:75 - End SaveConfig() Used Memory: 245796168 Bytes (849346560)
2024-02-16 00:24:26,987 [INFO] UtilMem:75 - End SaveConfig() Used Memory: 262887768 Bytes (849346560)
2024-02-16 00:24:27,134 [INFO] BlockDiagram:2759 - set Specific Code input for plugin: NVIC
2024-02-16 00:24:27,134 [INFO] BlockDiagram:2759 - set Specific Code input for plugin: SYS
2024-02-16 00:24:27,134 [INFO] BlockDiagram:2759 - set Specific Code input for plugin: GPIO
2024-02-16 00:24:27,134 [INFO] BlockDiagram:2759 - set Specific Code input for plugin: RCC
2024-02-16 00:24:27,134 [INFO] BlockDiagram:2759 - set Specific Code input for plugin: TIM1_8F1
2024-02-16 00:24:27,134 [INFO] BlockDiagram:2759 - set Specific Code input for plugin: TIM1_8F1
2024-02-16 00:24:27,135 [INFO] CodeGenerator:807 - code generatio: config db path: D:\Education\Soft\STM32CubeIDE_1.14.1\STM32CubeIDE\plugins\com.st.stm32cube.common.mx_6.10.0.202311202037\\db\
2024-02-16 00:24:27,240 [INFO] CodeEngine:255 - oldGeneratedFile, D:\Education\MTIoT\MTIoT\Lab1\Lab1CubeIDE\MXTmpFiles\license.tmp_save
2024-02-16 00:24:27,301 [INFO] CodeEngine:279 - Generated code: D:\Education\MTIoT\MTIoT\Lab1\Lab1CubeIDE\MXTmpFiles\license.tmp
2024-02-16 00:24:27,308 [INFO] CodeEngine:255 - oldGeneratedFile, D:\Education\MTIoT\MTIoT\Lab1\Lab1CubeIDE\MXTmpFiles\gpio.tmp_save
2024-02-16 00:24:27,375 [INFO] CodeEngine:279 - Generated code: D:\Education\MTIoT\MTIoT\Lab1\Lab1CubeIDE\MXTmpFiles\gpio.tmp
2024-02-16 00:24:27,409 [INFO] CodeEngine:255 - oldGeneratedFile, D:\Education\MTIoT\MTIoT\Lab1\Lab1CubeIDE\Core\Src\stm32f1xx_it.c_save
2024-02-16 00:24:27,469 [INFO] CodeEngine:279 - Generated code: D:\Education\MTIoT\MTIoT\Lab1\Lab1CubeIDE\Core\Src\stm32f1xx_it.c
2024-02-16 00:24:27,472 [INFO] CodeEngine:255 - oldGeneratedFile, D:\Education\MTIoT\MTIoT\Lab1\Lab1CubeIDE\Core\Inc\stm32f1xx_it.h_save
2024-02-16 00:24:27,518 [INFO] CodeEngine:279 - Generated code: D:\Education\MTIoT\MTIoT\Lab1\Lab1CubeIDE\Core\Inc\stm32f1xx_it.h
2024-02-16 00:24:27,528 [INFO] CodeEngine:255 - oldGeneratedFile, D:\Education\MTIoT\MTIoT\Lab1\Lab1CubeIDE\Core\Src\stm32f1xx_hal_msp.c_save
2024-02-16 00:24:27,594 [INFO] CodeEngine:279 - Generated code: D:\Education\MTIoT\MTIoT\Lab1\Lab1CubeIDE\Core\Src\stm32f1xx_hal_msp.c
2024-02-16 00:24:27,598 [INFO] CodeEngine:255 - oldGeneratedFile, D:\Education\MTIoT\MTIoT\Lab1\Lab1CubeIDE\MXTmpFiles\system.tmp_save
2024-02-16 00:24:27,639 [INFO] CodeEngine:279 - Generated code: D:\Education\MTIoT\MTIoT\Lab1\Lab1CubeIDE\MXTmpFiles\system.tmp
2024-02-16 00:24:27,650 [INFO] CodeEngine:311 - oldGeneratedFile, D:\Education\MTIoT\MTIoT\Lab1\Lab1CubeIDE\Core\Inc\stm32f1xx_hal_conf.h_save
2024-02-16 00:24:27,728 [INFO] CodeEngine:335 - Generated code: D:\Education\MTIoT\MTIoT\Lab1\Lab1CubeIDE\Core\Inc\stm32f1xx_hal_conf.h
2024-02-16 00:24:27,740 [WARN] IPConfigManager:3440 - IP not found : TIM
2024-02-16 00:24:27,740 [WARN] CodeGenerator:3939 - IP not found : null
2024-02-16 00:24:27,751 [INFO] CodeEngine:255 - oldGeneratedFile, D:\Education\MTIoT\MTIoT\Lab1\Lab1CubeIDE\Core\Inc\main.h_save
2024-02-16 00:24:27,813 [INFO] CodeEngine:279 - Generated code: D:\Education\MTIoT\MTIoT\Lab1\Lab1CubeIDE\Core\Inc\main.h
2024-02-16 00:24:27,821 [INFO] CodeEngine:255 - oldGeneratedFile, D:\Education\MTIoT\MTIoT\Lab1\Lab1CubeIDE\Core\Src\main.c_save
2024-02-16 00:24:27,909 [INFO] CodeEngine:279 - Generated code: D:\Education\MTIoT\MTIoT\Lab1\Lab1CubeIDE\Core\Src\main.c
2024-02-16 00:24:28,269 [INFO] ProjectBuilder:3076 - Time for Copy HAL[1] : 74mS.
2024-02-16 00:24:28,271 [INFO] ProjectBuilder:4485 - Project Generator version: 4.2.0-B44
2024-02-16 00:24:28,399 [INFO] ConfigFileManager:1495 - The Die is : DIE412
2024-02-16 00:24:29,155 [INFO] ProjectBuilder:4747 - Time for Generating toolchain IDE Files: 883mS.
2024-02-16 00:24:29,155 [INFO] ProjectBuilder:2947 - Time for Copy CMSIS : 0mS.
2024-02-16 00:24:29,157 [INFO] ProjectBuilder:2947 - Time for Copy CMSIS : 0mS.
